<?xml version="1.0" encoding="UTF-8"?>
<robot generator="Robot 3.1.2 (Python 3.8.0 on win32)" generated="20191207 12:24:18.884" rpa="false">
<suite id="s1" name="Test1" source="C:\python\test1">
<suite id="s1-s1" name="TestSuite" source="C:\python\test1\TestSuite.robot">
<test id="s1-s1-t1" name="MyFirstTest">
<kw name="Log" library="BuiltIn">
<doc>Logs the given message with the given level.</doc>
<arguments>
<arg>hello world</arg>
</arguments>
<msg timestamp="20191207 12:24:18.958" level="INFO">hello world</msg>
<status status="PASS" starttime="20191207 12:24:18.958" endtime="20191207 12:24:18.958"></status>
</kw>
<status status="PASS" starttime="20191207 12:24:18.957" endtime="20191207 12:24:18.959" critical="yes"></status>
</test>
<status status="PASS" starttime="20191207 12:24:18.953" endtime="20191207 12:24:18.960"></status>
</suite>
<status status="PASS" starttime="20191207 12:24:18.924" endtime="20191207 12:24:18.964"></status>
</suite>
<statistics>
<total>
<stat pass="1" fail="0">Critical Tests</stat>
<stat pass="1" fail="0">All Tests</stat>
</total>
<tag>
</tag>
<suite>
<stat pass="1" fail="0" id="s1" name="Test1">Test1</stat>
<stat pass="1" fail="0" id="s1-s1" name="TestSuite">Test1.TestSuite</stat>
</suite>
</statistics>
<errors>
</errors>
</robot>
