<?xml version="1.0" encoding="UTF-8"?>
<robot generator="Robot 3.1.2 (Python 3.8.0 on win32)" generated="20191207 23:06:51.808" rpa="false">
<suite id="s1" name="Testcase" source="C:\MyProject\Eclipse\MemEtestRobot\foldertest\testcase.robot">
<kw name="Log" library="BuiltIn" type="setup">
<doc>Logs the given message with the given level.</doc>
<arguments>
<arg>In test suite</arg>
</arguments>
<msg timestamp="20191207 23:06:52.034" level="INFO">In test suite</msg>
<status status="PASS" starttime="20191207 23:06:52.033" endtime="20191207 23:06:52.034"></status>
</kw>
<test id="s1-t1" name="Mysectest">
<kw name="Log" library="BuiltIn" type="setup">
<doc>Logs the given message with the given level.</doc>
<arguments>
<arg>In test set up</arg>
</arguments>
<msg timestamp="20191207 23:06:52.035" level="INFO">In test set up</msg>
<status status="PASS" starttime="20191207 23:06:52.035" endtime="20191207 23:06:52.035"></status>
</kw>
<kw name="Log" library="BuiltIn">
<doc>Logs the given message with the given level.</doc>
<arguments>
<arg>very easy</arg>
</arguments>
<msg timestamp="20191207 23:06:52.036" level="INFO">very easy</msg>
<status status="PASS" starttime="20191207 23:06:52.036" endtime="20191207 23:06:52.036"></status>
</kw>
<kw name="Log" library="BuiltIn" type="teardown">
<doc>Logs the given message with the given level.</doc>
<arguments>
<arg>In test tear down</arg>
</arguments>
<msg timestamp="20191207 23:06:52.037" level="INFO">In test tear down</msg>
<status status="PASS" starttime="20191207 23:06:52.037" endtime="20191207 23:06:52.037"></status>
</kw>
<tags>
<tag>sanity</tag>
</tags>
<status status="PASS" starttime="20191207 23:06:52.034" endtime="20191207 23:06:52.037" critical="yes"></status>
</test>
<test id="s1-t2" name="FirstSeleniumTest">
<kw name="Log" library="BuiltIn" type="setup">
<doc>Logs the given message with the given level.</doc>
<arguments>
<arg>In test set up</arg>
</arguments>
<msg timestamp="20191207 23:06:52.043" level="INFO">In test set up</msg>
<status status="PASS" starttime="20191207 23:06:52.043" endtime="20191207 23:06:52.043"></status>
</kw>
<kw name="Open Browser" library="SeleniumLibrary">
<doc>Opens a new browser instance to the optional ``url``.</doc>
<arguments>
<arg>https://google.com</arg>
<arg>firefox</arg>
</arguments>
<msg timestamp="20191207 23:06:52.044" level="INFO">Opening browser 'firefox' to base url 'https://google.com'.</msg>
<msg timestamp="20191207 23:06:52.045" level="INFO">Firefox driver log is always forced to to: C:\MyProject\Eclipse\MemEtestRobot\foldertest\geckodriver-1.log</msg>
<status status="PASS" starttime="20191207 23:06:52.044" endtime="20191207 23:07:03.299"></status>
</kw>
<kw name="Set Browser Implicit Wait" library="SeleniumLibrary">
<doc>Sets the implicit wait value used by Selenium.</doc>
<arguments>
<arg>5</arg>
</arguments>
<status status="PASS" starttime="20191207 23:07:03.304" endtime="20191207 23:07:03.310"></status>
</kw>
<kw name="Input Text" library="SeleniumLibrary">
<doc>Types the given ``text`` into the text field identified by ``locator``.</doc>
<arguments>
<arg>name=q</arg>
<arg>TestPython</arg>
</arguments>
<msg timestamp="20191207 23:07:03.311" level="INFO">Typing text 'TestPython' into text field 'name=q'.</msg>
<status status="PASS" starttime="20191207 23:07:03.310" endtime="20191207 23:07:03.363"></status>
</kw>
<kw name="Press Keys" library="SeleniumLibrary">
<doc>Simulates the user pressing key(s) to an element or on the active browser.</doc>
<arguments>
<arg>name=q</arg>
<arg>ENTER</arg>
</arguments>
<msg timestamp="20191207 23:07:03.366" level="INFO">Sending key(s) ('ENTER',) to name=q element.</msg>
<msg timestamp="20191207 23:07:03.372" level="INFO">Pressing special key ENTER to element.</msg>
<status status="PASS" starttime="20191207 23:07:03.365" endtime="20191207 23:07:03.754"></status>
</kw>
<kw name="Sleep" library="BuiltIn">
<doc>Pauses the test executed for the given time.</doc>
<arguments>
<arg>3</arg>
</arguments>
<msg timestamp="20191207 23:07:06.755" level="INFO">Slept 3 seconds</msg>
<status status="PASS" starttime="20191207 23:07:03.755" endtime="20191207 23:07:06.755"></status>
</kw>
<kw name="Close Browser" library="SeleniumLibrary">
<doc>Closes the current browser.</doc>
<status status="PASS" starttime="20191207 23:07:06.755" endtime="20191207 23:07:16.586"></status>
</kw>
<kw name="Log" library="BuiltIn">
<doc>Logs the given message with the given level.</doc>
<arguments>
<arg>Test completed</arg>
</arguments>
<msg timestamp="20191207 23:07:16.587" level="INFO">Test completed</msg>
<status status="PASS" starttime="20191207 23:07:16.586" endtime="20191207 23:07:16.587"></status>
</kw>
<kw name="Log" library="BuiltIn" type="teardown">
<doc>Logs the given message with the given level.</doc>
<arguments>
<arg>In test tear down</arg>
</arguments>
<msg timestamp="20191207 23:07:16.587" level="INFO">In test tear down</msg>
<status status="PASS" starttime="20191207 23:07:16.587" endtime="20191207 23:07:16.587"></status>
</kw>
<tags>
<tag>sanity</tag>
</tags>
<status status="PASS" starttime="20191207 23:06:52.040" endtime="20191207 23:07:16.588" critical="yes"></status>
</test>
<test id="s1-t3" name="SampleLoginTest">
<kw name="Log" library="BuiltIn" type="setup">
<doc>Logs the given message with the given level.</doc>
<arguments>
<arg>In test set up</arg>
</arguments>
<msg timestamp="20191207 23:07:16.591" level="INFO">In test set up</msg>
<status status="PASS" starttime="20191207 23:07:16.591" endtime="20191207 23:07:16.591"></status>
</kw>
<kw name="Open Browser" library="SeleniumLibrary">
<doc>Opens a new browser instance to the optional ``url``.</doc>
<arguments>
<arg>${url}</arg>
<arg>chrome</arg>
</arguments>
<msg timestamp="20191207 23:07:16.592" level="INFO">Opening browser 'chrome' to base url 'https://opensource-demo.orangehrmlive.com'.</msg>
<status status="PASS" starttime="20191207 23:07:16.591" endtime="20191207 23:07:26.767"></status>
</kw>
<kw name="Set Browser Implicit Wait" library="SeleniumLibrary">
<doc>Sets the implicit wait value used by Selenium.</doc>
<arguments>
<arg>15</arg>
</arguments>
<status status="PASS" starttime="20191207 23:07:26.769" endtime="20191207 23:07:26.771"></status>
</kw>
<kw name="LoginKW">
<kw name="Input Text" library="SeleniumLibrary">
<doc>Types the given ``text`` into the text field identified by ``locator``.</doc>
<arguments>
<arg>id=txtUsername</arg>
<arg>@{credentials}[0]</arg>
</arguments>
<msg timestamp="20191207 23:07:26.772" level="INFO">Typing text 'Admin' into text field 'id=txtUsername'.</msg>
<status status="PASS" starttime="20191207 23:07:26.772" endtime="20191207 23:07:26.908"></status>
</kw>
<kw name="Input Password" library="SeleniumLibrary">
<doc>Types the given password into the text field identified by ``locator``.</doc>
<arguments>
<arg>id=txtPassword</arg>
<arg>&amp;{LoginData}[Password]</arg>
</arguments>
<msg timestamp="20191207 23:07:26.910" level="INFO">Typing password into text field 'id=txtPassword'.</msg>
<status status="PASS" starttime="20191207 23:07:26.909" endtime="20191207 23:07:27.050"></status>
</kw>
<kw name="Click Button" library="SeleniumLibrary">
<doc>Clicks the button identified by ``locator``.</doc>
<arguments>
<arg>id=btnLogin</arg>
</arguments>
<msg timestamp="20191207 23:07:27.051" level="INFO">Clicking button 'id=btnLogin'.</msg>
<status status="PASS" starttime="20191207 23:07:27.050" endtime="20191207 23:07:29.088"></status>
</kw>
<status status="PASS" starttime="20191207 23:07:26.771" endtime="20191207 23:07:29.088"></status>
</kw>
<kw name="Click Element" library="SeleniumLibrary">
<doc>Click the element identified by ``locator``.</doc>
<arguments>
<arg>id=welcome</arg>
</arguments>
<msg timestamp="20191207 23:07:29.089" level="INFO">Clicking element 'id=welcome'.</msg>
<status status="PASS" starttime="20191207 23:07:29.089" endtime="20191207 23:07:29.152"></status>
</kw>
<kw name="Close Browser" library="SeleniumLibrary">
<doc>Closes the current browser.</doc>
<status status="PASS" starttime="20191207 23:07:29.153" endtime="20191207 23:07:31.595"></status>
</kw>
<kw name="Log" library="BuiltIn">
<doc>Logs the given message with the given level.</doc>
<arguments>
<arg>Test complete</arg>
</arguments>
<msg timestamp="20191207 23:07:31.598" level="INFO">Test complete</msg>
<status status="PASS" starttime="20191207 23:07:31.597" endtime="20191207 23:07:31.598"></status>
</kw>
<kw name="Log" library="BuiltIn">
<doc>Logs the given message with the given level.</doc>
<arguments>
<arg>This test was executed by %{username} in %{os}</arg>
</arguments>
<msg timestamp="20191207 23:07:31.600" level="INFO">This test was executed by Admin in Windows_NT</msg>
<status status="PASS" starttime="20191207 23:07:31.599" endtime="20191207 23:07:31.600"></status>
</kw>
<kw name="Log" library="BuiltIn" type="teardown">
<doc>Logs the given message with the given level.</doc>
<arguments>
<arg>In test tear down</arg>
</arguments>
<msg timestamp="20191207 23:07:31.602" level="INFO">In test tear down</msg>
<status status="PASS" starttime="20191207 23:07:31.601" endtime="20191207 23:07:31.602"></status>
</kw>
<doc>This a sample login test</doc>
<tags>
<tag>sanity</tag>
</tags>
<status status="PASS" starttime="20191207 23:07:16.590" endtime="20191207 23:07:31.603" critical="yes"></status>
</test>
<kw name="Log" library="BuiltIn" type="teardown">
<doc>Logs the given message with the given level.</doc>
<arguments>
<arg>In suite tear down</arg>
</arguments>
<msg timestamp="20191207 23:07:31.613" level="INFO">In suite tear down</msg>
<status status="PASS" starttime="20191207 23:07:31.612" endtime="20191207 23:07:31.613"></status>
</kw>
<status status="PASS" starttime="20191207 23:06:51.810" endtime="20191207 23:07:31.613"></status>
</suite>
<statistics>
<total>
<stat pass="3" fail="0">Critical Tests</stat>
<stat pass="3" fail="0">All Tests</stat>
</total>
<tag>
<stat pass="3" fail="0">sanity</stat>
</tag>
<suite>
<stat pass="3" fail="0" id="s1" name="Testcase">Testcase</stat>
</suite>
</statistics>
<errors>
<msg timestamp="20191207 23:06:51.802" level="WARN">Error in file 'C:\MyProject\Eclipse\MemEtestRobot\foldertest\testcase.robot': Invalid syntax in keyword 'LoginKW': Ignoring lines with only continuation marker '...' is deprecated.</msg>
</errors>
</robot>
