<?xml version="1.0" encoding="UTF-8"?>
<robot generator="Robot 3.1.2 (Python 3.8.0 on win32)" generated="20191207 13:14:52.191" rpa="false">
<suite id="s1" name="Python" source="C:\python">
<suite id="s1-s1" name="Test1" source="C:\python\test1">
<suite id="s1-s1-s1" name="TestSuite" source="C:\python\test1\TestSuite.robot">
<test id="s1-s1-s1-t1" name="MyFirstTest">
<kw name="Log" library="BuiltIn">
<doc>Logs the given message with the given level.</doc>
<arguments>
<arg>hello world</arg>
</arguments>
<msg timestamp="20191207 13:14:52.279" level="INFO">hello world</msg>
<status status="PASS" starttime="20191207 13:14:52.279" endtime="20191207 13:14:52.280"></status>
</kw>
<status status="PASS" starttime="20191207 13:14:52.278" endtime="20191207 13:14:52.280" critical="yes"></status>
</test>
<status status="PASS" starttime="20191207 13:14:52.274" endtime="20191207 13:14:52.281"></status>
</suite>
<status status="PASS" starttime="20191207 13:14:52.271" endtime="20191207 13:14:52.283"></status>
</suite>
<status status="PASS" starttime="20191207 13:14:52.242" endtime="20191207 13:14:52.285"></status>
</suite>
<statistics>
<total>
<stat pass="1" fail="0">Critical Tests</stat>
<stat pass="1" fail="0">All Tests</stat>
</total>
<tag>
</tag>
<suite>
<stat pass="1" fail="0" id="s1" name="Python">Python</stat>
<stat pass="1" fail="0" id="s1-s1" name="Test1">Python.Test1</stat>
<stat pass="1" fail="0" id="s1-s1-s1" name="TestSuite">Python.Test1.TestSuite</stat>
</suite>
</statistics>
<errors>
</errors>
</robot>
