<?xml version="1.0" encoding="UTF-8"?>
<robot generator="Robot 3.1.2 (Python 3.8.0 on win32)" generated="20191207 21:24:36.868" rpa="false">
<suite id="s1" name="MemEtestRobot" source="C:\MyProject\Eclipse\MemEtestRobot">
<suite id="s1-s1" name="Foldertest" source="C:\MyProject\Eclipse\MemEtestRobot\foldertest">
<suite id="s1-s1-s1" name="Testcase" source="C:\MyProject\Eclipse\MemEtestRobot\foldertest\testcase.robot">
<kw name="Log" library="BuiltIn" type="setup">
<doc>Logs the given message with the given level.</doc>
<arguments>
<arg>In test suite</arg>
</arguments>
<msg timestamp="20191207 21:24:37.171" level="INFO">In test suite</msg>
<status status="PASS" starttime="20191207 21:24:37.170" endtime="20191207 21:24:37.171"></status>
</kw>
<test id="s1-s1-s1-t1" name="Mysectest">
<kw name="Log" library="BuiltIn" type="setup">
<doc>Logs the given message with the given level.</doc>
<arguments>
<arg>In test set up</arg>
</arguments>
<msg timestamp="20191207 21:24:37.172" level="INFO">In test set up</msg>
<status status="PASS" starttime="20191207 21:24:37.172" endtime="20191207 21:24:37.173"></status>
</kw>
<kw name="Log" library="BuiltIn">
<doc>Logs the given message with the given level.</doc>
<arguments>
<arg>very easy</arg>
</arguments>
<msg timestamp="20191207 21:24:37.173" level="INFO">very easy</msg>
<status status="PASS" starttime="20191207 21:24:37.173" endtime="20191207 21:24:37.174"></status>
</kw>
<kw name="Log" library="BuiltIn" type="teardown">
<doc>Logs the given message with the given level.</doc>
<arguments>
<arg>In test tear down</arg>
</arguments>
<msg timestamp="20191207 21:24:37.174" level="INFO">In test tear down</msg>
<status status="PASS" starttime="20191207 21:24:37.174" endtime="20191207 21:24:37.174"></status>
</kw>
<tags>
<tag>sanity</tag>
</tags>
<status status="PASS" starttime="20191207 21:24:37.171" endtime="20191207 21:24:37.175" critical="yes"></status>
</test>
<test id="s1-s1-s1-t2" name="FirstSeleniumTest">
<kw name="Log" library="BuiltIn" type="setup">
<doc>Logs the given message with the given level.</doc>
<arguments>
<arg>In test set up</arg>
</arguments>
<msg timestamp="20191207 21:24:37.177" level="INFO">In test set up</msg>
<status status="PASS" starttime="20191207 21:24:37.177" endtime="20191207 21:24:37.177"></status>
</kw>
<kw name="Open Browser" library="SeleniumLibrary">
<doc>Opens a new browser instance to the optional ``url``.</doc>
<arguments>
<arg>https://google.com</arg>
<arg>firefox</arg>
</arguments>
<msg timestamp="20191207 21:24:37.178" level="INFO">Opening browser 'firefox' to base url 'https://google.com'.</msg>
<msg timestamp="20191207 21:24:37.181" level="INFO">Firefox driver log is always forced to to: C:\MyProject\Eclipse\MemEtestRobot\geckodriver-24.log</msg>
<status status="PASS" starttime="20191207 21:24:37.178" endtime="20191207 21:24:48.796"></status>
</kw>
<kw name="Set Browser Implicit Wait" library="SeleniumLibrary">
<doc>Sets the implicit wait value used by Selenium.</doc>
<arguments>
<arg>5</arg>
</arguments>
<status status="PASS" starttime="20191207 21:24:48.796" endtime="20191207 21:24:48.801"></status>
</kw>
<kw name="Input Text" library="SeleniumLibrary">
<doc>Types the given ``text`` into the text field identified by ``locator``.</doc>
<arguments>
<arg>name=q</arg>
<arg>TestPython</arg>
</arguments>
<msg timestamp="20191207 21:24:48.801" level="INFO">Typing text 'TestPython' into text field 'name=q'.</msg>
<status status="PASS" starttime="20191207 21:24:48.801" endtime="20191207 21:24:48.918"></status>
</kw>
<kw name="Press Keys" library="SeleniumLibrary">
<doc>Simulates the user pressing key(s) to an element or on the active browser.</doc>
<arguments>
<arg>name=q</arg>
<arg>ENTER</arg>
</arguments>
<msg timestamp="20191207 21:24:48.920" level="INFO">Sending key(s) ('ENTER',) to name=q element.</msg>
<msg timestamp="20191207 21:24:48.928" level="INFO">Pressing special key ENTER to element.</msg>
<status status="PASS" starttime="20191207 21:24:48.919" endtime="20191207 21:24:49.281"></status>
</kw>
<kw name="Sleep" library="BuiltIn">
<doc>Pauses the test executed for the given time.</doc>
<arguments>
<arg>3</arg>
</arguments>
<msg timestamp="20191207 21:24:52.283" level="INFO">Slept 3 seconds</msg>
<status status="PASS" starttime="20191207 21:24:49.282" endtime="20191207 21:24:52.283"></status>
</kw>
<kw name="Close Browser" library="SeleniumLibrary">
<doc>Closes the current browser.</doc>
<status status="PASS" starttime="20191207 21:24:52.284" endtime="20191207 21:25:02.895"></status>
</kw>
<kw name="Log" library="BuiltIn">
<doc>Logs the given message with the given level.</doc>
<arguments>
<arg>Test completed</arg>
</arguments>
<msg timestamp="20191207 21:25:02.896" level="INFO">Test completed</msg>
<status status="PASS" starttime="20191207 21:25:02.895" endtime="20191207 21:25:02.896"></status>
</kw>
<kw name="Log" library="BuiltIn" type="teardown">
<doc>Logs the given message with the given level.</doc>
<arguments>
<arg>In test tear down</arg>
</arguments>
<msg timestamp="20191207 21:25:02.897" level="INFO">In test tear down</msg>
<status status="PASS" starttime="20191207 21:25:02.897" endtime="20191207 21:25:02.897"></status>
</kw>
<tags>
<tag>sanity</tag>
</tags>
<status status="PASS" starttime="20191207 21:24:37.175" endtime="20191207 21:25:02.897" critical="yes"></status>
</test>
<test id="s1-s1-s1-t3" name="SampleLoginTest">
<kw name="Log" library="BuiltIn" type="setup">
<doc>Logs the given message with the given level.</doc>
<arguments>
<arg>In test set up</arg>
</arguments>
<msg timestamp="20191207 21:25:02.900" level="INFO">In test set up</msg>
<status status="PASS" starttime="20191207 21:25:02.899" endtime="20191207 21:25:02.900"></status>
</kw>
<kw name="Open Browser" library="SeleniumLibrary">
<doc>Opens a new browser instance to the optional ``url``.</doc>
<arguments>
<arg>${url}</arg>
<arg>chrome</arg>
</arguments>
<msg timestamp="20191207 21:25:02.901" level="INFO">Opening browser 'chrome' to base url 'https://opensource-demo.orangehrmlive.com'.</msg>
<status status="PASS" starttime="20191207 21:25:02.901" endtime="20191207 21:25:11.156"></status>
</kw>
<kw name="Set Browser Implicit Wait" library="SeleniumLibrary">
<doc>Sets the implicit wait value used by Selenium.</doc>
<arguments>
<arg>15</arg>
</arguments>
<status status="PASS" starttime="20191207 21:25:11.156" endtime="20191207 21:25:11.159"></status>
</kw>
<kw name="LoginKW">
<kw name="Input Text" library="SeleniumLibrary">
<doc>Types the given ``text`` into the text field identified by ``locator``.</doc>
<arguments>
<arg>id=txtUsername</arg>
<arg>@{credentials}[0]</arg>
</arguments>
<msg timestamp="20191207 21:25:11.161" level="INFO">Typing text 'Admin' into text field 'id=txtUsername'.</msg>
<status status="PASS" starttime="20191207 21:25:11.160" endtime="20191207 21:25:11.311"></status>
</kw>
<kw name="Input Password" library="SeleniumLibrary">
<doc>Types the given password into the text field identified by ``locator``.</doc>
<arguments>
<arg>id=txtPassword</arg>
<arg>&amp;{LoginData}[Password]</arg>
</arguments>
<msg timestamp="20191207 21:25:11.313" level="INFO">Typing password into text field 'id=txtPassword'.</msg>
<status status="PASS" starttime="20191207 21:25:11.312" endtime="20191207 21:25:11.450"></status>
</kw>
<kw name="Click Button" library="SeleniumLibrary">
<doc>Clicks the button identified by ``locator``.</doc>
<arguments>
<arg>id=btnLogin</arg>
</arguments>
<msg timestamp="20191207 21:25:11.451" level="INFO">Clicking button 'id=btnLogin'.</msg>
<status status="PASS" starttime="20191207 21:25:11.451" endtime="20191207 21:25:13.242"></status>
</kw>
<status status="PASS" starttime="20191207 21:25:11.159" endtime="20191207 21:25:13.243"></status>
</kw>
<kw name="Click Element" library="SeleniumLibrary">
<doc>Click the element identified by ``locator``.</doc>
<arguments>
<arg>id=welcome</arg>
</arguments>
<msg timestamp="20191207 21:25:13.244" level="INFO">Clicking element 'id=welcome'.</msg>
<status status="PASS" starttime="20191207 21:25:13.243" endtime="20191207 21:25:13.314"></status>
</kw>
<kw name="Close Browser" library="SeleniumLibrary">
<doc>Closes the current browser.</doc>
<status status="PASS" starttime="20191207 21:25:13.315" endtime="20191207 21:25:15.523"></status>
</kw>
<kw name="Log" library="BuiltIn">
<doc>Logs the given message with the given level.</doc>
<arguments>
<arg>Test complete</arg>
</arguments>
<msg timestamp="20191207 21:25:15.528" level="INFO">Test complete</msg>
<status status="PASS" starttime="20191207 21:25:15.525" endtime="20191207 21:25:15.529"></status>
</kw>
<kw name="Log" library="BuiltIn">
<doc>Logs the given message with the given level.</doc>
<arguments>
<arg>This test was executed by %{username} in %{os}</arg>
</arguments>
<msg timestamp="20191207 21:25:15.533" level="INFO">This test was executed by Admin in Windows_NT</msg>
<status status="PASS" starttime="20191207 21:25:15.531" endtime="20191207 21:25:15.534"></status>
</kw>
<kw name="Log" library="BuiltIn" type="teardown">
<doc>Logs the given message with the given level.</doc>
<arguments>
<arg>In test tear down</arg>
</arguments>
<msg timestamp="20191207 21:25:15.537" level="INFO">In test tear down</msg>
<status status="PASS" starttime="20191207 21:25:15.536" endtime="20191207 21:25:15.538"></status>
</kw>
<doc>This a sample login test</doc>
<tags>
<tag>sanity</tag>
</tags>
<status status="PASS" starttime="20191207 21:25:02.898" endtime="20191207 21:25:15.539" critical="yes"></status>
</test>
<kw name="Log" library="BuiltIn" type="teardown">
<doc>Logs the given message with the given level.</doc>
<arguments>
<arg>In suite tear down</arg>
</arguments>
<msg timestamp="20191207 21:25:15.548" level="INFO">In suite tear down</msg>
<status status="PASS" starttime="20191207 21:25:15.546" endtime="20191207 21:25:15.549"></status>
</kw>
<status status="PASS" starttime="20191207 21:24:36.941" endtime="20191207 21:25:15.550"></status>
</suite>
<status status="PASS" starttime="20191207 21:24:36.937" endtime="20191207 21:25:15.571"></status>
</suite>
<status status="PASS" starttime="20191207 21:24:36.905" endtime="20191207 21:25:15.589"></status>
</suite>
<statistics>
<total>
<stat pass="3" fail="0">Critical Tests</stat>
<stat pass="3" fail="0">All Tests</stat>
</total>
<tag>
<stat pass="3" fail="0">sanity</stat>
</tag>
<suite>
<stat pass="3" fail="0" id="s1" name="MemEtestRobot">MemEtestRobot</stat>
<stat pass="3" fail="0" id="s1-s1" name="Foldertest">MemEtestRobot.Foldertest</stat>
<stat pass="3" fail="0" id="s1-s1-s1" name="Testcase">MemEtestRobot.Foldertest.Testcase</stat>
</suite>
</statistics>
<errors>
<msg timestamp="20191207 21:24:36.860" level="WARN">Error in file 'C:\MyProject\Eclipse\MemEtestRobot\foldertest\testcase.robot': Invalid syntax in keyword 'LoginKW': Ignoring lines with only continuation marker '...' is deprecated.</msg>
</errors>
</robot>
